Base path: /Applications/Unity4.6.6/Unity.app/Contents
Pipe name: \\.\pipe\UnityShaderCompiler-1--1603616344
Cmd: getPlatforms
Cmd: compileSnippet
  api=5 type=0 insize=1770 outsize=1663 kw= ok=1
Cmd: compileSnippet
  api=5 type=1 insize=1770 outsize=6 kw= ok=1
Cmd: compileSnippet
  api=5 type=0 insize=1381 outsize=1468 kw= ok=1
Cmd: compileSnippet
  api=5 type=1 insize=1381 outsize=6 kw= ok=1
Cmd: compileSnippet
  api=5 type=0 insize=2301 outsize=2406 kw= ok=1
Cmd: compileSnippet
  api=5 type=1 insize=2301 outsize=6 kw= ok=1
Cmd: compileSnippet
  api=5 type=0 insize=2154 outsize=2173 kw= ok=1
Cmd: compileSnippet
  api=5 type=1 insize=2154 outsize=6 kw= ok=1
Cmd: compileSnippet
  api=5 type=0 insize=1401 outsize=1340 kw= ok=1
Cmd: compileSnippet
  api=5 type=1 insize=1401 outsize=6 kw= ok=1
Cmd: compileSnippet
  api=5 type=0 insize=1788 outsize=1641 kw= ok=1
Cmd: compileSnippet
  api=5 type=1 insize=1788 outsize=6 kw= ok=1
Cmd: compileSnippet
  api=5 type=0 insize=2219 outsize=2333 kw= ok=1
Cmd: compileSnippet
  api=5 type=1 insize=2219 outsize=6 kw= ok=1
Cmd: compileSnippet
  api=5 type=0 insize=1852 outsize=1785 kw= ok=1
Cmd: compileSnippet
  api=5 type=1 insize=1852 outsize=6 kw= ok=1
Cmd: compileSnippet
  api=5 type=0 insize=1097 outsize=1060 kw= ok=1
Cmd: compileSnippet
  api=5 type=1 insize=1097 outsize=6 kw= ok=1
Cmd: compileSnippet
  api=5 type=0 insize=924 outsize=693 kw= ok=1
Cmd: compileSnippet
  api=5 type=1 insize=924 outsize=6 kw= ok=1
Cmd: compileSnippet
  api=5 type=0 insize=1179 outsize=1149 kw= ok=1
Cmd: compileSnippet
  api=5 type=1 insize=1179 outsize=6 kw= ok=1
Cmd: compileSnippet
  api=5 type=0 insize=2137 outsize=2195 kw= ok=1
Cmd: compileSnippet
  api=5 type=1 insize=2137 outsize=6 kw= ok=1
Cmd: compileSnippet
  api=5 type=0 insize=1060 outsize=973 kw= ok=1
Cmd: compileSnippet
  api=5 type=1 insize=1060 outsize=6 kw= ok=1
Cmd: compileSnippet
  api=5 type=0 insize=1329 outsize=1268 kw= ok=1
Cmd: compileSnippet
  api=5 type=1 insize=1329 outsize=6 kw= ok=1
Cmd: compileSnippet
  api=5 type=0 insize=1252 outsize=1105 kw= ok=1
Cmd: compileSnippet
  api=5 type=1 insize=1252 outsize=6 kw= ok=1
Cmd: compileSnippet
  api=5 type=0 insize=1934 outsize=1874 kw= ok=1
Cmd: compileSnippet
  api=5 type=1 insize=1934 outsize=6 kw= ok=1
Cmd: compileSnippet
  api=5 type=0 insize=1237 outsize=1129 kw= ok=1
Cmd: compileSnippet
  api=5 type=1 insize=1237 outsize=6 kw= ok=1
Cmd: compileSnippet
  api=5 type=0 insize=2284 outsize=2537 kw= ok=1
Cmd: compileSnippet
  api=5 type=1 insize=2284 outsize=6 kw= ok=1
Cmd: compileSnippet
  api=5 type=0 insize=1260 outsize=1471 kw= ok=1
Cmd: compileSnippet
  api=5 type=1 insize=1260 outsize=6 kw= ok=1
Cmd: compileSnippet
  api=5 type=0 insize=876 outsize=709 kw= ok=1
Cmd: compileSnippet
  api=5 type=1 insize=876 outsize=6 kw= ok=1
Cmd: compileSnippet
  api=5 type=0 insize=882 outsize=619 kw= ok=1
Cmd: compileSnippet
  api=5 type=1 insize=882 outsize=6 kw= ok=1
Cmd: compileSnippet
  api=5 type=0 insize=1099 outsize=1015 kw= ok=1
Cmd: compileSnippet
  api=5 type=1 insize=1099 outsize=6 kw= ok=1
Cmd: compileSnippet
  api=5 type=0 insize=1051 outsize=1056 kw= ok=1
Cmd: compileSnippet
  api=5 type=1 insize=1051 outsize=6 kw= ok=1
Cmd: compileSnippet
  api=5 type=0 insize=1917 outsize=2002 kw= ok=1
Cmd: compileSnippet
  api=5 type=1 insize=1917 outsize=6 kw= ok=1
End of pipe

Quitting shader compiler process
